{"/Users/veronikademina/test_rtl/my-app/src/interfaces.tsx": {"path":"/Users/veronikademina/test_rtl/my-app/src/interfaces.tsx","statementMap":{},"fnMap":{},"branchMap":{},"s":{},"f":{},"b":{},"hash":"6a87e1bdb84f1350aff7968655799ea0b25ffcc6"}
,"/Users/veronikademina/test_rtl/my-app/src/components/App.tsx": {"path":"/Users/veronikademina/test_rtl/my-app/src/components/App.tsx","statementMap":{"0":{"start":{"line":14,"column":13},"end":{"line":26,"column":1}},"1":{"start":{"line":28,"column":15},"end":{"line":32,"column":1}},"2":{"start":{"line":34,"column":22},"end":{"line":43,"column":1}},"3":{"start":{"line":45,"column":15},"end":{"line":54,"column":1}},"4":{"start":{"line":56,"column":15},"end":{"line":63,"column":1}},"5":{"start":{"line":66,"column":19},"end":{"line":66,"column":25}},"6":{"start":{"line":67,"column":21},"end":{"line":67,"column":34}},"7":{"start":{"line":72,"column":4},"end":{"line":76,"column":19}},"8":{"start":{"line":73,"column":8},"end":{"line":73,"column":40}},"9":{"start":{"line":74,"column":8},"end":{"line":74,"column":44}},"10":{"start":{"line":75,"column":8},"end":{"line":75,"column":43}},"11":{"start":{"line":78,"column":4},"end":{"line":100,"column":6}}},"fnMap":{"0":{"name":"App","decl":{"start":{"line":65,"column":9},"end":{"line":65,"column":12}},"loc":{"start":{"line":65,"column":15},"end":{"line":101,"column":1}},"line":65},"1":{"name":"(anonymous_1)","decl":{"start":{"line":72,"column":20},"end":{"line":72,"column":21}},"loc":{"start":{"line":72,"column":26},"end":{"line":76,"column":5}},"line":72}},"branchMap":{},"s":{"0":1,"1":1,"2":1,"3":1,"4":1,"5":5,"6":5,"7":5,"8":5,"9":5,"10":5,"11":5},"f":{"0":5,"1":5},"b":{},"_coverageSchema":"43e27e138ebf9cfc5966b082cf9a028302ed4184","hash":"e82f7a3c5887ed4beab8054c790eef0dddf79efc"}
,"/Users/veronikademina/test_rtl/my-app/src/components/Modal.tsx": {"path":"/Users/veronikademina/test_rtl/my-app/src/components/Modal.tsx","statementMap":{"0":{"start":{"line":10,"column":18},"end":{"line":20,"column":1}},"1":{"start":{"line":22,"column":21},"end":{"line":31,"column":1}},"2":{"start":{"line":33,"column":18},"end":{"line":37,"column":1}},"3":{"start":{"line":40,"column":4},"end":{"line":47,"column":6}}},"fnMap":{"0":{"name":"Modal","decl":{"start":{"line":39,"column":9},"end":{"line":39,"column":14}},"loc":{"start":{"line":39,"column":47},"end":{"line":48,"column":1}},"line":39}},"branchMap":{},"s":{"0":2,"1":2,"2":2,"3":2},"f":{"0":2},"b":{},"_coverageSchema":"43e27e138ebf9cfc5966b082cf9a028302ed4184","hash":"369b5507a4624a7656678e98d975a7784203d913"}
,"/Users/veronikademina/test_rtl/my-app/src/components/TvShowEpisodePage.tsx": {"path":"/Users/veronikademina/test_rtl/my-app/src/components/TvShowEpisodePage.tsx","statementMap":{"0":{"start":{"line":15,"column":38},"end":{"line":15,"column":53}},"1":{"start":{"line":17,"column":4},"end":{"line":47,"column":6}},"2":{"start":{"line":27,"column":47},"end":{"line":27,"column":74}},"3":{"start":{"line":43,"column":35},"end":{"line":43,"column":54}},"4":{"start":{"line":59,"column":23},"end":{"line":59,"column":28}},"5":{"start":{"line":62,"column":22},"end":{"line":62,"column":63}},"6":{"start":{"line":64,"column":4},"end":{"line":64,"column":69}},"7":{"start":{"line":64,"column":40},"end":{"line":64,"column":61}}},"fnMap":{"0":{"name":"TvShowEpisodePage","decl":{"start":{"line":14,"column":9},"end":{"line":14,"column":26}},"loc":{"start":{"line":14,"column":68},"end":{"line":48,"column":1}},"line":14},"1":{"name":"(anonymous_1)","decl":{"start":{"line":27,"column":41},"end":{"line":27,"column":42}},"loc":{"start":{"line":27,"column":47},"end":{"line":27,"column":74}},"line":27},"2":{"name":"(anonymous_2)","decl":{"start":{"line":43,"column":29},"end":{"line":43,"column":30}},"loc":{"start":{"line":43,"column":35},"end":{"line":43,"column":54}},"line":43},"3":{"name":"mapStateToProps","decl":{"start":{"line":58,"column":9},"end":{"line":58,"column":24}},"loc":{"start":{"line":58,"column":73},"end":{"line":65,"column":1}},"line":58},"4":{"name":"(anonymous_4)","decl":{"start":{"line":64,"column":32},"end":{"line":64,"column":33}},"loc":{"start":{"line":64,"column":40},"end":{"line":64,"column":61}},"line":64}},"branchMap":{"0":{"loc":{"start":{"line":24,"column":22},"end":{"line":30,"column":43}},"type":"cond-expr","locations":[{"start":{"line":25,"column":28},"end":{"line":29,"column":30}},{"start":{"line":30,"column":24},"end":{"line":30,"column":43}}],"line":24},"1":{"loc":{"start":{"line":27,"column":47},"end":{"line":27,"column":74}},"type":"binary-expr","locations":[{"start":{"line":27,"column":47},"end":{"line":27,"column":52}},{"start":{"line":27,"column":56},"end":{"line":27,"column":74}}],"line":27},"2":{"loc":{"start":{"line":32,"column":22},"end":{"line":36,"column":49}},"type":"cond-expr","locations":[{"start":{"line":33,"column":24},"end":{"line":35,"column":38}},{"start":{"line":36,"column":24},"end":{"line":36,"column":49}}],"line":32},"3":{"loc":{"start":{"line":40,"column":14},"end":{"line":45,"column":13}},"type":"binary-expr","locations":[{"start":{"line":40,"column":14},"end":{"line":40,"column":23}},{"start":{"line":41,"column":16},"end":{"line":44,"column":18}}],"line":40},"4":{"loc":{"start":{"line":64,"column":11},"end":{"line":64,"column":68}},"type":"binary-expr","locations":[{"start":{"line":64,"column":11},"end":{"line":64,"column":62}},{"start":{"line":64,"column":66},"end":{"line":64,"column":68}}],"line":64}},"s":{"0":4,"1":4,"2":1,"3":1,"4":2,"5":2,"6":2,"7":8},"f":{"0":4,"1":1,"2":1,"3":2,"4":8},"b":{"0":[4,0],"1":[1,1],"2":[1,3],"3":[4,1],"4":[2,2]},"_coverageSchema":"43e27e138ebf9cfc5966b082cf9a028302ed4184","hash":"fd3c62543d09b9794b2403f26421bb8427fb42d2"}
,"/Users/veronikademina/test_rtl/my-app/src/components/TvShowPage.tsx": {"path":"/Users/veronikademina/test_rtl/my-app/src/components/TvShowPage.tsx","statementMap":{"0":{"start":{"line":21,"column":19},"end":{"line":23,"column":1}},"1":{"start":{"line":25,"column":19},"end":{"line":28,"column":1}},"2":{"start":{"line":30,"column":20},"end":{"line":34,"column":1}},"3":{"start":{"line":36,"column":22},"end":{"line":44,"column":1}},"4":{"start":{"line":46,"column":19},"end":{"line":48,"column":1}},"5":{"start":{"line":50,"column":21},"end":{"line":52,"column":1}},"6":{"start":{"line":55,"column":36},"end":{"line":55,"column":51}},"7":{"start":{"line":56,"column":38},"end":{"line":56,"column":53}},"8":{"start":{"line":57,"column":44},"end":{"line":57,"column":62}},"9":{"start":{"line":71,"column":8},"end":{"line":71,"column":14}},"10":{"start":{"line":75,"column":37},"end":{"line":75,"column":44}},"11":{"start":{"line":77,"column":8},"end":{"line":86,"column":10}},"12":{"start":{"line":89,"column":4},"end":{"line":173,"column":6}},"13":{"start":{"line":99,"column":43},"end":{"line":99,"column":70}},"14":{"start":{"line":132,"column":51},"end":{"line":132,"column":73}},"15":{"start":{"line":139,"column":43},"end":{"line":139,"column":85}},"16":{"start":{"line":140,"column":24},"end":{"line":162,"column":26}},"17":{"start":{"line":152,"column":66},"end":{"line":152,"column":124}},"18":{"start":{"line":156,"column":51},"end":{"line":156,"column":126}},"19":{"start":{"line":169,"column":35},"end":{"line":169,"column":54}},"20":{"start":{"line":177,"column":23},"end":{"line":177,"column":28}},"21":{"start":{"line":179,"column":4},"end":{"line":181,"column":6}}},"fnMap":{"0":{"name":"TvShowPage","decl":{"start":{"line":54,"column":9},"end":{"line":54,"column":19}},"loc":{"start":{"line":54,"column":49},"end":{"line":174,"column":1}},"line":54},"1":{"name":"renderEpisode","decl":{"start":{"line":74,"column":13},"end":{"line":74,"column":26}},"loc":{"start":{"line":74,"column":51},"end":{"line":87,"column":5}},"line":74},"2":{"name":"(anonymous_2)","decl":{"start":{"line":99,"column":37},"end":{"line":99,"column":38}},"loc":{"start":{"line":99,"column":43},"end":{"line":99,"column":70}},"line":99},"3":{"name":"(anonymous_3)","decl":{"start":{"line":132,"column":45},"end":{"line":132,"column":46}},"loc":{"start":{"line":132,"column":51},"end":{"line":132,"column":73}},"line":132},"4":{"name":"(anonymous_4)","decl":{"start":{"line":138,"column":41},"end":{"line":138,"column":42}},"loc":{"start":{"line":138,"column":67},"end":{"line":163,"column":21}},"line":138},"5":{"name":"(anonymous_5)","decl":{"start":{"line":152,"column":55},"end":{"line":152,"column":56}},"loc":{"start":{"line":152,"column":66},"end":{"line":152,"column":124}},"line":152},"6":{"name":"(anonymous_6)","decl":{"start":{"line":156,"column":45},"end":{"line":156,"column":46}},"loc":{"start":{"line":156,"column":51},"end":{"line":156,"column":126}},"line":156},"7":{"name":"(anonymous_7)","decl":{"start":{"line":169,"column":29},"end":{"line":169,"column":30}},"loc":{"start":{"line":169,"column":35},"end":{"line":169,"column":54}},"line":169},"8":{"name":"mapStateToProps","decl":{"start":{"line":176,"column":9},"end":{"line":176,"column":24}},"loc":{"start":{"line":176,"column":51},"end":{"line":182,"column":1}},"line":176}},"branchMap":{"0":{"loc":{"start":{"line":96,"column":22},"end":{"line":102,"column":21}},"type":"binary-expr","locations":[{"start":{"line":96,"column":22},"end":{"line":96,"column":27}},{"start":{"line":97,"column":24},"end":{"line":101,"column":26}}],"line":96},"1":{"loc":{"start":{"line":99,"column":43},"end":{"line":99,"column":70}},"type":"binary-expr","locations":[{"start":{"line":99,"column":43},"end":{"line":99,"column":48}},{"start":{"line":99,"column":52},"end":{"line":99,"column":70}}],"line":99},"2":{"loc":{"start":{"line":103,"column":22},"end":{"line":108,"column":21}},"type":"binary-expr","locations":[{"start":{"line":103,"column":22},"end":{"line":103,"column":29}},{"start":{"line":105,"column":24},"end":{"line":107,"column":38}}],"line":103},"3":{"loc":{"start":{"line":117,"column":54},"end":{"line":117,"column":82}},"type":"binary-expr","locations":[{"start":{"line":117,"column":54},"end":{"line":117,"column":60}},{"start":{"line":117,"column":64},"end":{"line":117,"column":82}}],"line":117},"4":{"loc":{"start":{"line":119,"column":26},"end":{"line":131,"column":25}},"type":"binary-expr","locations":[{"start":{"line":119,"column":26},"end":{"line":119,"column":34}},{"start":{"line":120,"column":28},"end":{"line":130,"column":34}}],"line":119},"5":{"loc":{"start":{"line":133,"column":30},"end":{"line":133,"column":66}},"type":"cond-expr","locations":[{"start":{"line":133,"column":41},"end":{"line":133,"column":47}},{"start":{"line":133,"column":50},"end":{"line":133,"column":66}}],"line":133},"6":{"loc":{"start":{"line":138,"column":18},"end":{"line":163,"column":22}},"type":"binary-expr","locations":[{"start":{"line":138,"column":18},"end":{"line":138,"column":25}},{"start":{"line":138,"column":29},"end":{"line":163,"column":22}}],"line":138},"7":{"loc":{"start":{"line":139,"column":43},"end":{"line":139,"column":85}},"type":"binary-expr","locations":[{"start":{"line":139,"column":43},"end":{"line":139,"column":73}},{"start":{"line":139,"column":77},"end":{"line":139,"column":85}}],"line":139},"8":{"loc":{"start":{"line":145,"column":34},"end":{"line":149,"column":33}},"type":"binary-expr","locations":[{"start":{"line":145,"column":34},"end":{"line":145,"column":48}},{"start":{"line":146,"column":36},"end":{"line":148,"column":49}}],"line":145},"9":{"loc":{"start":{"line":150,"column":34},"end":{"line":154,"column":33}},"type":"binary-expr","locations":[{"start":{"line":150,"column":34},"end":{"line":150,"column":44}},{"start":{"line":151,"column":36},"end":{"line":153,"column":51}}],"line":150},"10":{"loc":{"start":{"line":152,"column":66},"end":{"line":152,"column":124}},"type":"binary-expr","locations":[{"start":{"line":152,"column":66},"end":{"line":152,"column":98}},{"start":{"line":152,"column":102},"end":{"line":152,"column":124}}],"line":152},"11":{"loc":{"start":{"line":156,"column":67},"end":{"line":156,"column":125}},"type":"cond-expr","locations":[{"start":{"line":156,"column":100},"end":{"line":156,"column":109}},{"start":{"line":156,"column":112},"end":{"line":156,"column":125}}],"line":156},"12":{"loc":{"start":{"line":159,"column":38},"end":{"line":159,"column":95}},"type":"cond-expr","locations":[{"start":{"line":159,"column":71},"end":{"line":159,"column":77}},{"start":{"line":159,"column":80},"end":{"line":159,"column":95}}],"line":159},"13":{"loc":{"start":{"line":166,"column":14},"end":{"line":171,"column":13}},"type":"binary-expr","locations":[{"start":{"line":166,"column":14},"end":{"line":166,"column":23}},{"start":{"line":167,"column":16},"end":{"line":170,"column":18}}],"line":166}},"s":{"0":1,"1":1,"2":1,"3":1,"4":1,"5":1,"6":10,"7":10,"8":10,"9":10,"10":3,"11":3,"12":10,"13":1,"14":1,"15":18,"16":18,"17":4,"18":2,"19":1,"20":5,"21":5},"f":{"0":10,"1":3,"2":1,"3":1,"4":18,"5":4,"6":2,"7":1,"8":5},"b":{"0":[10,9],"1":[1,1],"2":[10,9],"3":[10,10],"4":[10,1],"5":[1,9],"6":[10,9],"7":[18,1],"8":[18,9],"9":[18,1],"10":[4,3],"11":[1,1],"12":[1,17],"13":[10,1]},"_coverageSchema":"43e27e138ebf9cfc5966b082cf9a028302ed4184","hash":"16859e6387dcc2869bd13c8fed2721af15b2ea43"}
,"/Users/veronikademina/test_rtl/my-app/src/components/lib/StyledComponnets.tsx": {"path":"/Users/veronikademina/test_rtl/my-app/src/components/lib/StyledComponnets.tsx","statementMap":{"0":{"start":{"line":3,"column":21},"end":{"line":14,"column":1}},"1":{"start":{"line":16,"column":15},"end":{"line":36,"column":1}},"2":{"start":{"line":42,"column":13},"end":{"line":45,"column":1}},"3":{"start":{"line":43,"column":27},"end":{"line":43,"column":43}},"4":{"start":{"line":47,"column":14},"end":{"line":51,"column":1}},"5":{"start":{"line":53,"column":17},"end":{"line":57,"column":1}},"6":{"start":{"line":59,"column":20},"end":{"line":61,"column":1}},"7":{"start":{"line":63,"column":13},"end":{"line":69,"column":1}},"8":{"start":{"line":71,"column":16},"end":{"line":73,"column":1}},"9":{"start":{"line":75,"column":20},"end":{"line":84,"column":1}},"10":{"start":{"line":90,"column":14},"end":{"line":94,"column":1}},"11":{"start":{"line":96,"column":17},"end":{"line":110,"column":1}},"12":{"start":{"line":112,"column":18},"end":{"line":118,"column":1}}},"fnMap":{"0":{"name":"(anonymous_0)","decl":{"start":{"line":43,"column":18},"end":{"line":43,"column":19}},"loc":{"start":{"line":43,"column":27},"end":{"line":43,"column":43}},"line":43}},"branchMap":{},"s":{"0":2,"1":2,"2":2,"3":14,"4":2,"5":2,"6":2,"7":2,"8":2,"9":2,"10":2,"11":2,"12":2},"f":{"0":14},"b":{},"_coverageSchema":"43e27e138ebf9cfc5966b082cf9a028302ed4184","hash":"38d1db61ed2f80207ed641f2c642b8ff4c7d72b6"}
,"/Users/veronikademina/test_rtl/my-app/src/modules/action.tsx": {"path":"/Users/veronikademina/test_rtl/my-app/src/modules/action.tsx","statementMap":{"0":{"start":{"line":3,"column":26},"end":{"line":3,"column":45}},"1":{"start":{"line":4,"column":30},"end":{"line":4,"column":53}},"2":{"start":{"line":5,"column":29},"end":{"line":5,"column":51}},"3":{"start":{"line":8,"column":4},"end":{"line":12,"column":6}},"4":{"start":{"line":16,"column":4},"end":{"line":20,"column":6}},"5":{"start":{"line":17,"column":8},"end":{"line":19,"column":82}},"6":{"start":{"line":18,"column":30},"end":{"line":18,"column":45}},"7":{"start":{"line":19,"column":26},"end":{"line":19,"column":80}},"8":{"start":{"line":24,"column":4},"end":{"line":28,"column":6}},"9":{"start":{"line":25,"column":8},"end":{"line":27,"column":86}},"10":{"start":{"line":26,"column":30},"end":{"line":26,"column":45}},"11":{"start":{"line":27,"column":26},"end":{"line":27,"column":84}},"12":{"start":{"line":32,"column":4},"end":{"line":36,"column":6}},"13":{"start":{"line":33,"column":8},"end":{"line":35,"column":85}},"14":{"start":{"line":34,"column":30},"end":{"line":34,"column":45}},"15":{"start":{"line":35,"column":26},"end":{"line":35,"column":83}}},"fnMap":{"0":{"name":"receiveShow","decl":{"start":{"line":7,"column":9},"end":{"line":7,"column":20}},"loc":{"start":{"line":7,"column":100},"end":{"line":13,"column":1}},"line":7},"1":{"name":"fetchShowInfo","decl":{"start":{"line":15,"column":9},"end":{"line":15,"column":22}},"loc":{"start":{"line":15,"column":39},"end":{"line":21,"column":1}},"line":15},"2":{"name":"(anonymous_2)","decl":{"start":{"line":16,"column":11},"end":{"line":16,"column":12}},"loc":{"start":{"line":16,"column":30},"end":{"line":20,"column":5}},"line":16},"3":{"name":"(anonymous_3)","decl":{"start":{"line":18,"column":18},"end":{"line":18,"column":19}},"loc":{"start":{"line":18,"column":30},"end":{"line":18,"column":45}},"line":18},"4":{"name":"(anonymous_4)","decl":{"start":{"line":19,"column":18},"end":{"line":19,"column":19}},"loc":{"start":{"line":19,"column":26},"end":{"line":19,"column":80}},"line":19},"5":{"name":"fetchShowEpisodes","decl":{"start":{"line":23,"column":9},"end":{"line":23,"column":26}},"loc":{"start":{"line":23,"column":43},"end":{"line":29,"column":1}},"line":23},"6":{"name":"(anonymous_6)","decl":{"start":{"line":24,"column":11},"end":{"line":24,"column":12}},"loc":{"start":{"line":24,"column":30},"end":{"line":28,"column":5}},"line":24},"7":{"name":"(anonymous_7)","decl":{"start":{"line":26,"column":18},"end":{"line":26,"column":19}},"loc":{"start":{"line":26,"column":30},"end":{"line":26,"column":45}},"line":26},"8":{"name":"(anonymous_8)","decl":{"start":{"line":27,"column":18},"end":{"line":27,"column":19}},"loc":{"start":{"line":27,"column":26},"end":{"line":27,"column":84}},"line":27},"9":{"name":"fetchShowSeasons","decl":{"start":{"line":31,"column":9},"end":{"line":31,"column":25}},"loc":{"start":{"line":31,"column":42},"end":{"line":37,"column":1}},"line":31},"10":{"name":"(anonymous_10)","decl":{"start":{"line":32,"column":11},"end":{"line":32,"column":12}},"loc":{"start":{"line":32,"column":30},"end":{"line":36,"column":5}},"line":32},"11":{"name":"(anonymous_11)","decl":{"start":{"line":34,"column":18},"end":{"line":34,"column":19}},"loc":{"start":{"line":34,"column":30},"end":{"line":34,"column":45}},"line":34},"12":{"name":"(anonymous_12)","decl":{"start":{"line":35,"column":18},"end":{"line":35,"column":19}},"loc":{"start":{"line":35,"column":26},"end":{"line":35,"column":83}},"line":35}},"branchMap":{},"s":{"0":1,"1":1,"2":1,"3":0,"4":5,"5":5,"6":0,"7":0,"8":5,"9":5,"10":0,"11":0,"12":5,"13":5,"14":0,"15":0},"f":{"0":0,"1":5,"2":5,"3":0,"4":0,"5":5,"6":5,"7":0,"8":0,"9":5,"10":5,"11":0,"12":0},"b":{},"_coverageSchema":"43e27e138ebf9cfc5966b082cf9a028302ed4184","hash":"be9f0ca2a65c2fe06e1e9718fc707a2bd39bfdea"}
,"/Users/veronikademina/test_rtl/my-app/src/modules/reducer.tsx": {"path":"/Users/veronikademina/test_rtl/my-app/src/modules/reducer.tsx","statementMap":{"0":{"start":{"line":8,"column":40},"end":{"line":13,"column":1}},"1":{"start":{"line":16,"column":4},"end":{"line":49,"column":5}},"2":{"start":{"line":18,"column":12},"end":{"line":32,"column":14}},"3":{"start":{"line":34,"column":12},"end":{"line":40,"column":14}},"4":{"start":{"line":42,"column":12},"end":{"line":48,"column":14}},"5":{"start":{"line":51,"column":4},"end":{"line":51,"column":17}}},"fnMap":{"0":{"name":"reducer","decl":{"start":{"line":15,"column":9},"end":{"line":15,"column":16}},"loc":{"start":{"line":15,"column":52},"end":{"line":52,"column":1}},"line":15}},"branchMap":{"0":{"loc":{"start":{"line":15,"column":17},"end":{"line":15,"column":37}},"type":"default-arg","locations":[{"start":{"line":15,"column":25},"end":{"line":15,"column":37}}],"line":15},"1":{"loc":{"start":{"line":16,"column":4},"end":{"line":49,"column":5}},"type":"switch","locations":[{"start":{"line":17,"column":8},"end":{"line":32,"column":14}},{"start":{"line":33,"column":8},"end":{"line":40,"column":14}},{"start":{"line":41,"column":8},"end":{"line":48,"column":14}}],"line":16}},"s":{"0":0,"1":0,"2":0,"3":0,"4":0,"5":0},"f":{"0":0},"b":{"0":[0],"1":[0,0,0]},"hash":"c49b1f44fcb3bb768e0aba8355577ccdb674daf8"}
,"/Users/veronikademina/test_rtl/my-app/src/modules/store.tsx": {"path":"/Users/veronikademina/test_rtl/my-app/src/modules/store.tsx","statementMap":{"0":{"start":{"line":5,"column":14},"end":{"line":5,"column":82}}},"fnMap":{},"branchMap":{},"s":{"0":0},"f":{},"b":{},"hash":"c034d5c9cf4d2de90784e846abe16d0e663ba72e"}
}
