TN:
SF:/Users/veronikademina/test_rtl/my-app/src/interfaces.tsx
FNF:0
FNH:0
LF:0
LH:0
BRF:0
BRH:0
end_of_record
TN:
SF:/Users/veronikademina/test_rtl/my-app/src/components/App.tsx
FN:65,App
FN:72,(anonymous_1)
FNF:2
FNH:2
FNDA:5,App
FNDA:5,(anonymous_1)
DA:14,1
DA:28,1
DA:34,1
DA:45,1
DA:56,1
DA:66,5
DA:67,5
DA:72,5
DA:73,5
DA:74,5
DA:75,5
DA:78,5
LF:12
LH:12
BRF:0
BRH:0
end_of_record
TN:
SF:/Users/veronikademina/test_rtl/my-app/src/components/Modal.tsx
FN:39,Modal
FNF:1
FNH:1
FNDA:2,Modal
DA:10,2
DA:22,2
DA:33,2
DA:40,2
LF:4
LH:4
BRF:0
BRH:0
end_of_record
TN:
SF:/Users/veronikademina/test_rtl/my-app/src/components/TvShowEpisodePage.tsx
FN:14,TvShowEpisodePage
FN:27,(anonymous_1)
FN:43,(anonymous_2)
FN:58,mapStateToProps
FN:64,(anonymous_4)
FNF:5
FNH:5
FNDA:4,TvShowEpisodePage
FNDA:1,(anonymous_1)
FNDA:1,(anonymous_2)
FNDA:2,mapStateToProps
FNDA:8,(anonymous_4)
DA:15,4
DA:17,4
DA:27,1
DA:43,1
DA:59,2
DA:62,2
DA:64,8
LF:7
LH:7
BRDA:24,0,0,4
BRDA:24,0,1,0
BRDA:27,1,0,1
BRDA:27,1,1,1
BRDA:32,2,0,1
BRDA:32,2,1,3
BRDA:40,3,0,4
BRDA:40,3,1,1
BRDA:64,4,0,2
BRDA:64,4,1,2
BRF:10
BRH:9
end_of_record
TN:
SF:/Users/veronikademina/test_rtl/my-app/src/components/TvShowPage.tsx
FN:54,TvShowPage
FN:74,renderEpisode
FN:99,(anonymous_2)
FN:132,(anonymous_3)
FN:138,(anonymous_4)
FN:152,(anonymous_5)
FN:156,(anonymous_6)
FN:169,(anonymous_7)
FN:176,mapStateToProps
FNF:9
FNH:9
FNDA:10,TvShowPage
FNDA:3,renderEpisode
FNDA:1,(anonymous_2)
FNDA:1,(anonymous_3)
FNDA:18,(anonymous_4)
FNDA:4,(anonymous_5)
FNDA:2,(anonymous_6)
FNDA:1,(anonymous_7)
FNDA:5,mapStateToProps
DA:21,1
DA:25,1
DA:30,1
DA:36,1
DA:46,1
DA:50,1
DA:55,10
DA:56,10
DA:57,10
DA:71,10
DA:75,3
DA:77,3
DA:89,10
DA:99,1
DA:132,1
DA:139,18
DA:140,18
DA:152,4
DA:156,2
DA:169,1
DA:177,5
DA:179,5
LF:22
LH:22
BRDA:96,0,0,10
BRDA:96,0,1,9
BRDA:99,1,0,1
BRDA:99,1,1,1
BRDA:103,2,0,10
BRDA:103,2,1,9
BRDA:117,3,0,10
BRDA:117,3,1,10
BRDA:119,4,0,10
BRDA:119,4,1,1
BRDA:133,5,0,1
BRDA:133,5,1,9
BRDA:138,6,0,10
BRDA:138,6,1,9
BRDA:139,7,0,18
BRDA:139,7,1,1
BRDA:145,8,0,18
BRDA:145,8,1,9
BRDA:150,9,0,18
BRDA:150,9,1,1
BRDA:152,10,0,4
BRDA:152,10,1,3
BRDA:156,11,0,1
BRDA:156,11,1,1
BRDA:159,12,0,1
BRDA:159,12,1,17
BRDA:166,13,0,10
BRDA:166,13,1,1
BRF:28
BRH:28
end_of_record
TN:
SF:/Users/veronikademina/test_rtl/my-app/src/components/lib/StyledComponnets.tsx
FN:43,(anonymous_0)
FNF:1
FNH:1
FNDA:14,(anonymous_0)
DA:3,2
DA:16,2
DA:42,2
DA:43,14
DA:47,2
DA:53,2
DA:59,2
DA:63,2
DA:71,2
DA:75,2
DA:90,2
DA:96,2
DA:112,2
LF:13
LH:13
BRF:0
BRH:0
end_of_record
TN:
SF:/Users/veronikademina/test_rtl/my-app/src/modules/action.tsx
FN:7,receiveShow
FN:15,fetchShowInfo
FN:16,(anonymous_2)
FN:18,(anonymous_3)
FN:19,(anonymous_4)
FN:23,fetchShowEpisodes
FN:24,(anonymous_6)
FN:26,(anonymous_7)
FN:27,(anonymous_8)
FN:31,fetchShowSeasons
FN:32,(anonymous_10)
FN:34,(anonymous_11)
FN:35,(anonymous_12)
FNF:13
FNH:6
FNDA:0,receiveShow
FNDA:5,fetchShowInfo
FNDA:5,(anonymous_2)
FNDA:0,(anonymous_3)
FNDA:0,(anonymous_4)
FNDA:5,fetchShowEpisodes
FNDA:5,(anonymous_6)
FNDA:0,(anonymous_7)
FNDA:0,(anonymous_8)
FNDA:5,fetchShowSeasons
FNDA:5,(anonymous_10)
FNDA:0,(anonymous_11)
FNDA:0,(anonymous_12)
DA:3,1
DA:4,1
DA:5,1
DA:8,0
DA:16,5
DA:17,5
DA:18,0
DA:19,0
DA:24,5
DA:25,5
DA:26,0
DA:27,0
DA:32,5
DA:33,5
DA:34,0
DA:35,0
LF:16
LH:9
BRF:0
BRH:0
end_of_record
TN:
SF:/Users/veronikademina/test_rtl/my-app/src/modules/reducer.tsx
FN:15,reducer
FNF:1
FNH:0
FNDA:0,reducer
DA:8,0
DA:16,0
DA:18,0
DA:34,0
DA:42,0
DA:51,0
LF:6
LH:0
BRDA:15,0,0,0
BRDA:16,1,0,0
BRDA:16,1,1,0
BRDA:16,1,2,0
BRF:4
BRH:0
end_of_record
TN:
SF:/Users/veronikademina/test_rtl/my-app/src/modules/store.tsx
FNF:0
FNH:0
DA:5,0
LF:1
LH:0
BRF:0
BRH:0
end_of_record
